#
# There is insufficient memory for the Java Runtime Environment to continue.
# Native memory allocation (malloc) failed to allocate 32744 bytes for ChunkPool::allocate
# Possible reasons:
#   The system is out of physical RAM or swap space
#   In 32 bit mode, the process size limit was hit
# Possible solutions:
#   Reduce memory load on the system
#   Increase physical memory or swap space
#   Check if swap backing store is full
#   Use 64 bit Java on a 64 bit OS
#   Decrease Java heap size (-Xmx/-Xms)
#   Decrease number of Java threads
#   Decrease Java thread stack sizes (-Xss)
#   Set larger code cache with -XX:ReservedCodeCacheSize=
# This output file may be truncated or incomplete.
#
#  Out of Memory Error (allocation.cpp:273), pid=7320, tid=0x0000000000000fb4
#
# JRE version: Java(TM) SE Runtime Environment (8.0_191-b12) (build 1.8.0_191-b12)
# Java VM: Java HotSpot(TM) 64-Bit Server VM (25.191-b12 mixed mode windows-amd64 compressed oops)
# Failed to write core dump. Minidumps are not enabled by default on client versions of Windows
#

---------------  T H R E A D  ---------------

Current thread (0x00000000151b5000):  JavaThread "restartedMain" [_thread_in_vm, id=4020, stack(0x0000000018050000,0x0000000018150000)]

Stack: [0x0000000018050000,0x0000000018150000]
[error occurred during error reporting (printing stack bounds), id 0xc0000005]

Native frames: (J=compiled Java code, j=interpreted, Vv=VM code, C=native code)

Java frames: (J=compiled Java code, j=interpreted, Vv=VM code)
J 887  java.lang.ClassLoader.defineClass1(Ljava/lang/String;[BIILjava/security/ProtectionDomain;Ljava/lang/String;)Ljava/lang/Class; (0 bytes) @ 0x00000000030e315f [0x00000000030e30c0+0x9f]
J 779 C1 java.lang.ClassLoader.defineClass(Ljava/lang/String;[BIILjava/security/ProtectionDomain;)Ljava/lang/Class; (43 bytes) @ 0x00000000030b285c [0x00000000030b2760+0xfc]
J 784 C1 java.net.URLClassLoader.defineClass(Ljava/lang/String;Lsun/misc/Resource;)Ljava/lang/Class; (142 bytes) @ 0x00000000030b57cc [0x00000000030b4e00+0x9cc]
J 670 C1 java.net.URLClassLoader$1.run()Ljava/lang/Class; (63 bytes) @ 0x000000000307e434 [0x000000000307e380+0xb4]
J 669 C1 java.net.URLClassLoader$1.run()Ljava/lang/Object; (5 bytes) @ 0x000000000307e054 [0x000000000307e020+0x34]
v  ~StubRoutines::call_stub
J 532  java.security.AccessController.doPrivileged(Ljava/security/PrivilegedExceptionAction;Ljava/security/AccessControlContext;)Ljava/lang/Object; (0 bytes) @ 0x000000000303de66 [0x000000000303de00+0x66]
J 667 C1 java.net.URLClassLoader.findClass(Ljava/lang/String;)Ljava/lang/Class; (47 bytes) @ 0x000000000307d7f4 [0x000000000307d740+0xb4]
J 523 C1 java.lang.ClassLoader.loadClass(Ljava/lang/String;Z)Ljava/lang/Class; (122 bytes) @ 0x0000000003039be4 [0x00000000030398e0+0x304]
J 635 C1 sun.misc.Launcher$AppClassLoader.loadClass(Ljava/lang/String;Z)Ljava/lang/Class; (85 bytes) @ 0x000000000305f884 [0x000000000305f5a0+0x2e4]
J 625 C1 java.lang.ClassLoader.loadClass(Ljava/lang/String;)Ljava/lang/Class; (7 bytes) @ 0x000000000305bb64 [0x000000000305bb20+0x44]
v  ~StubRoutines::call_stub
J 887  java.lang.ClassLoader.defineClass1(Ljava/lang/String;[BIILjava/security/ProtectionDomain;Ljava/lang/String;)Ljava/lang/Class; (0 bytes) @ 0x00000000030e315f [0x00000000030e30c0+0x9f]
J 779 C1 java.lang.ClassLoader.defineClass(Ljava/lang/String;[BIILjava/security/ProtectionDomain;)Ljava/lang/Class; (43 bytes) @ 0x00000000030b285c [0x00000000030b2760+0xfc]
J 784 C1 java.net.URLClassLoader.defineClass(Ljava/lang/String;Lsun/misc/Resource;)Ljava/lang/Class; (142 bytes) @ 0x00000000030b57cc [0x00000000030b4e00+0x9cc]
J 670 C1 java.net.URLClassLoader$1.run()Ljava/lang/Class; (63 bytes) @ 0x000000000307e434 [0x000000000307e380+0xb4]
J 669 C1 java.net.URLClassLoader$1.run()Ljava/lang/Object; (5 bytes) @ 0x000000000307e054 [0x000000000307e020+0x34]
v  ~StubRoutines::call_stub
J 532  java.security.AccessController.doPrivileged(Ljava/security/PrivilegedExceptionAction;Ljava/security/AccessControlContext;)Ljava/lang/Object; (0 bytes) @ 0x000000000303de66 [0x000000000303de00+0x66]
J 667 C1 java.net.URLClassLoader.findClass(Ljava/lang/String;)Ljava/lang/Class; (47 bytes) @ 0x000000000307d7f4 [0x000000000307d740+0xb4]
J 523 C1 java.lang.ClassLoader.loadClass(Ljava/lang/String;Z)Ljava/lang/Class; (122 bytes) @ 0x0000000003039be4 [0x00000000030398e0+0x304]
J 635 C1 sun.misc.Launcher$AppClassLoader.loadClass(Ljava/lang/String;Z)Ljava/lang/Class; (85 bytes) @ 0x000000000305f884 [0x000000000305f5a0+0x2e4]
J 625 C1 java.lang.ClassLoader.loadClass(Ljava/lang/String;)Ljava/lang/Class; (7 bytes) @ 0x000000000305bb64 [0x000000000305bb20+0x44]
v  ~StubRoutines::call_stub
j  org.hibernate.internal.SessionFactoryImpl$SessionBuilderImpl.openSession()Lorg/hibernate/Session;+16
j  org.hibernate.internal.SessionFactoryImpl.buildEntityManager(Ljavax/persistence/SynchronizationType;Ljava/util/Map;)Lorg/hibernate/Session;+36
j  org.hibernate.internal.SessionFactoryImpl.createEntityManager()Lorg/hibernate/Session;+7
j  org.hibernate.internal.SessionFactoryImpl.createEntityManager()Ljavax/persistence/EntityManager;+1
v  ~StubRoutines::call_stub
J 1487  sun.reflect.NativeMethodAccessorImpl.invoke0(Ljava/lang/reflect/Method;Ljava/lang/Object;[Ljava/lang/Object;)Ljava/lang/Object; (0 bytes) @ 0x00000000031a84ff [0x00000000031a8480+0x7f]
J 1486 C1 sun.reflect.NativeMethodAccessorImpl.invoke(Ljava/lang/Object;[Ljava/lang/Object;)Ljava/lang/Object; (104 bytes) @ 0x00000000031a8c1c [0x00000000031a88a0+0x37c]
J 1017 C1 sun.reflect.DelegatingMethodAccessorImpl.invoke(Ljava/lang/Object;[Ljava/lang/Object;)Ljava/lang/Object; (10 bytes) @ 0x000000000310dce4 [0x000000000310dca0+0x44]
J 1016 C1 java.lang.reflect.Method.invoke(Ljava/lang/Object;[Ljava/lang/Object;)Ljava/lang/Object; (62 bytes) @ 0x000000000310d914 [0x000000000310d820+0xf4]
j  org.springframework.orm.jpa.AbstractEntityManagerFactoryBean.invokeProxyMethod(Ljava/lang/reflect/Method;[Ljava/lang/Object;)Ljava/lang/Object;+157
j  org.springframework.orm.jpa.AbstractEntityManagerFactoryBean$ManagedEntityManagerFactoryInvocationHandler.invoke(Ljava/lang/Object;Ljava/lang/reflect/Method;[Ljava/lang/Object;)Ljava/lang/Object;+98
j  com.sun.proxy.$Proxy91.createEntityManager()Ljavax/persistence/EntityManager;+9
j  org.springframework.orm.jpa.SharedEntityManagerCreator$SharedEntityManagerInvocationHandler.invoke(Ljava/lang/Object;Ljava/lang/reflect/Method;[Ljava/lang/Object;)Ljava/lang/Object;+481
j  com.sun.proxy.$Proxy95.getDelegate()Ljava/lang/Object;+9
j  org.springframework.data.jpa.provider.PersistenceProvider.fromEntityManager(Ljavax/persistence/EntityManager;)Lorg/springframework/data/jpa/provider/PersistenceProvider;+7
j  org.springframework.data.jpa.repository.support.JpaRepositoryFactory.<init>(Ljavax/persistence/EntityManager;)V+17
j  org.springframework.data.jpa.repository.support.JpaRepositoryFactoryBean.createRepositoryFactory(Ljavax/persistence/EntityManager;)Lorg/springframework/data/repository/core/support/RepositoryFactorySupport;+5
j  org.springframework.data.jpa.repository.support.JpaRepositoryFactoryBean.doCreateRepositoryFactory()Lorg/springframework/data/repository/core/support/RepositoryFactorySupport;+22
j  org.springframework.data.repository.core.support.TransactionalRepositoryFactoryBeanSupport.createRepositoryFactory()Lorg/springframework/data/repository/core/support/RepositoryFactorySupport;+1
j  org.springframework.data.repository.core.support.RepositoryFactoryBeanSupport.afterPropertiesSet()V+2
j  org.springframework.data.jpa.repository.support.JpaRepositoryFactoryBean.afterPropertiesSet()V+18
j  org.springframework.beans.factory.support.AbstractAutowireCapableBeanFactory.invokeInitMethods(Ljava/lang/String;Ljava/lang/Object;Lorg/springframework/beans/factory/support/RootBeanDefinition;)V+106
j  org.springframework.beans.factory.support.AbstractAutowireCapableBeanFactory.initializeBean(Ljava/lang/String;Ljava/lang/Object;Lorg/springframework/beans/factory/support/RootBeanDefinition;)Ljava/lang/Object;+59
j  org.springframework.beans.factory.support.AbstractAutowireCapableBeanFactory.doCreateBean(Ljava/lang/String;Lorg/springframework/beans/factory/support/RootBeanDefinition;[Ljava/lang/Object;)Ljava/lang/Object;+245
j  org.springframework.beans.factory.support.AbstractAutowireCapableBeanFactory.createBean(Ljava/lang/String;Lorg/springframework/beans/factory/support/RootBeanDefinition;[Ljava/lang/Object;)Ljava/lang/Object;+169
j  org.springframework.beans.factory.support.AbstractBeanFactory.lambda$doGetBean$0(Ljava/lang/String;Lorg/springframework/beans/factory/support/RootBeanDefinition;[Ljava/lang/Object;)Ljava/lang/Object;+4
j  org.springframework.beans.factory.support.AbstractBeanFactory$$Lambda$105.getObject()Ljava/lang/Object;+16
j  org.springframework.beans.factory.support.DefaultSingletonBeanRegistry.getSingleton(Ljava/lang/String;Lorg/springframework/beans/factory/ObjectFactory;)Ljava/lang/Object;+132
J 3368 C1 org.springframework.beans.factory.support.AbstractBeanFactory.doGetBean(Ljava/lang/String;Ljava/lang/Class;[Ljava/lang/Object;Z)Ljava/lang/Object; (762 bytes) @ 0x000000000354e7ac [0x000000000354e300+0x4ac]
j  org.springframework.beans.factory.support.AbstractBeanFactory.getBean(Ljava/lang/String;)Ljava/lang/Object;+5
j  org.springframework.beans.factory.config.DependencyDescriptor.resolveCandidate(Ljava/lang/String;Ljava/lang/Class;Lorg/springframework/beans/factory/BeanFactory;)Ljava/lang/Object;+2
j  org.springframework.beans.factory.support.DefaultListableBeanFactory.doResolveDependency(Lorg/springframework/beans/factory/config/DependencyDescriptor;Ljava/lang/String;Ljava/util/Set;Lorg/springframework/beans/TypeConverter;)Ljava/lang/Object;+410
j  org.springframework.beans.factory.support.DefaultListableBeanFactory.resolveDependency(Lorg/springframework/beans/factory/config/DependencyDescriptor;Ljava/lang/String;Ljava/util/Set;Lorg/springframework/beans/TypeConverter;)Ljava/lang/Object;+106
j  org.springframework.beans.factory.annotation.AutowiredAnnotationBeanPostProcessor$AutowiredFieldElement.inject(Ljava/lang/Object;Ljava/lang/String;Lorg/springframework/beans/PropertyValues;)V+115
J 3974 C1 org.springframework.beans.factory.annotation.InjectionMetadata.inject(Ljava/lang/Object;Ljava/lang/String;Lorg/springframework/beans/PropertyValues;)V (127 bytes) @ 0x0000000003640274 [0x000000000363fe80+0x3f4]
j  org.springframework.beans.factory.annotation.AutowiredAnnotationBeanPostProcessor.postProcessPropertyValues(Lorg/springframework/beans/PropertyValues;[Ljava/beans/PropertyDescriptor;Ljava/lang/Object;Ljava/lang/String;)Lorg/springframework/beans/PropertyValues;+19
j  org.springframework.beans.factory.support.AbstractAutowireCapableBeanFactory.populateBean(Ljava/lang/String;Lorg/springframework/beans/factory/support/RootBeanDefinition;Lorg/springframework/beans/BeanWrapper;)V+324
j  org.springframework.beans.factory.support.AbstractAutowireCapableBeanFactory.doCreateBean(Ljava/lang/String;Lorg/springframework/beans/factory/support/RootBeanDefinition;[Ljava/lang/Object;)Ljava/lang/Object;+237
j  org.springframework.beans.factory.support.AbstractAutowireCapableBeanFactory.createBean(Ljava/lang/String;Lorg/springframework/beans/factory/support/RootBeanDefinition;[Ljava/lang/Object;)Ljava/lang/Object;+169
j  org.springframework.beans.factory.support.AbstractBeanFactory.lambda$doGetBean$0(Ljava/lang/String;Lorg/springframework/beans/factory/support/RootBeanDefinition;[Ljava/lang/Object;)Ljava/lang/Object;+4
j  org.springframework.beans.factory.support.AbstractBeanFactory$$Lambda$105.getObject()Ljava/lang/Object;+16
j  org.springframework.beans.factory.support.DefaultSingletonBeanRegistry.getSingleton(Ljava/lang/String;Lorg/springframework/beans/factory/ObjectFactory;)Ljava/lang/Object;+132
J 3368 C1 org.springframework.beans.factory.support.AbstractBeanFactory.doGetBean(Ljava/lang/String;Ljava/lang/Class;[Ljava/lang/Object;Z)Ljava/lang/Object; (762 bytes) @ 0x000000000354e7ac [0x000000000354e300+0x4ac]
j  org.springframework.beans.factory.support.AbstractBeanFactory.getBean(Ljava/lang/String;)Ljava/lang/Object;+5
j  org.springframework.beans.factory.config.DependencyDescriptor.resolveCandidate(Ljava/lang/String;Ljava/lang/Class;Lorg/springframework/beans/factory/BeanFactory;)Ljava/lang/Object;+2
j  org.springframework.beans.factory.support.DefaultListableBeanFactory.doResolveDependency(Lorg/springframework/beans/factory/config/DependencyDescriptor;Ljava/lang/String;Ljava/util/Set;Lorg/springframework/beans/TypeConverter;)Ljava/lang/Object;+410
j  org.springframework.beans.factory.support.DefaultListableBeanFactory.resolveDependency(Lorg/springframework/beans/factory/config/DependencyDescriptor;Ljava/lang/String;Ljava/util/Set;Lorg/springframework/beans/TypeConverter;)Ljava/lang/Object;+106
j  org.springframework.beans.factory.annotation.AutowiredAnnotationBeanPostProcessor$AutowiredFieldElement.inject(Ljava/lang/Object;Ljava/lang/String;Lorg/springframework/beans/PropertyValues;)V+115
j  org.springframework.beans.factory.annotation.InjectionMetadata.inject(Ljava/lang/Object;Ljava/lang/String;Lorg/springframework/beans/PropertyValues;)V+120
j  org.springframework.beans.factory.annotation.AutowiredAnnotationBeanPostProcessor.postProcessPropertyValues(Lorg/springframework/beans/PropertyValues;[Ljava/beans/PropertyDescriptor;Ljava/lang/Object;Ljava/lang/String;)Lorg/springframework/beans/PropertyValues;+19
j  org.springframework.beans.factory.support.AbstractAutowireCapableBeanFactory.populateBean(Ljava/lang/String;Lorg/springframework/beans/factory/support/RootBeanDefinition;Lorg/springframework/beans/BeanWrapper;)V+324
j  org.springframework.beans.factory.support.AbstractAutowireCapableBeanFactory.doCreateBean(Ljava/lang/String;Lorg/springframework/beans/factory/support/RootBeanDefinition;[Ljava/lang/Object;)Ljava/lang/Object;+237
j  org.springframework.beans.factory.support.AbstractAutowireCapableBeanFactory.createBean(Ljava/lang/String;Lorg/springframework/beans/factory/support/RootBeanDefinition;[Ljava/lang/Object;)Ljava/lang/Object;+169
j  org.springframework.beans.factory.support.AbstractBeanFactory.lambda$doGetBean$0(Ljava/lang/String;Lorg/springframework/beans/factory/support/RootBeanDefinition;[Ljava/lang/Object;)Ljava/lang/Object;+4
j  org.springframework.beans.factory.support.AbstractBeanFactory$$Lambda$105.getObject()Ljava/lang/Object;+16
j  org.springframework.beans.factory.support.DefaultSingletonBeanRegistry.getSingleton(Ljava/lang/String;Lorg/springframework/beans/factory/ObjectFactory;)Ljava/lang/Object;+132
J 3368 C1 org.springframework.beans.factory.support.AbstractBeanFactory.doGetBean(Ljava/lang/String;Ljava/lang/Class;[Ljava/lang/Object;Z)Ljava/lang/Object; (762 bytes) @ 0x000000000354e7ac [0x000000000354e300+0x4ac]
j  org.springframework.beans.factory.support.AbstractBeanFactory.getBean(Ljava/lang/String;)Ljava/lang/Object;+5
j  org.springframework.beans.factory.support.DefaultListableBeanFactory.preInstantiateSingletons()V+248
j  org.springframework.context.support.AbstractApplicationContext.finishBeanFactoryInitialization(Lorg/springframework/beans/factory/config/ConfigurableListableBeanFactory;)V+124
j  org.springframework.context.support.AbstractApplicationContext.refresh()V+54
j  org.springframework.boot.web.servlet.context.ServletWebServerApplicationContext.refresh()V+1
j  org.springframework.boot.SpringApplication.refresh(Lorg/springframework/context/ApplicationContext;)V+10
j  org.springframework.boot.SpringApplication.refreshContext(Lorg/springframework/context/ConfigurableApplicationContext;)V+2
j  org.springframework.boot.SpringApplication.run([Ljava/lang/String;)Lorg/springframework/context/ConfigurableApplicationContext;+118
j  org.springframework.boot.SpringApplication.run([Ljava/lang/Class;[Ljava/lang/String;)Lorg/springframework/context/ConfigurableApplicationContext;+9
j  org.springframework.boot.SpringApplication.run(Ljava/lang/Class;[Ljava/lang/String;)Lorg/springframework/context/ConfigurableApplicationContext;+9
j  com.novik.workbooks.Application.main([Ljava/lang/String;)V+3
v  ~StubRoutines::call_stub
j  sun.reflect.NativeMethodAccessorImpl.invoke0(Ljava/lang/reflect/Method;Ljava/lang/Object;[Ljava/lang/Object;)Ljava/lang/Object;+0
j  sun.reflect.NativeMethodAccessorImpl.invoke(Ljava/lang/Object;[Ljava/lang/Object;)Ljava/lang/Object;+100
j  sun.reflect.DelegatingMethodAccessorImpl.invoke(Ljava/lang/Object;[Ljava/lang/Object;)Ljava/lang/Object;+6
j  java.lang.reflect.Method.invoke(Ljava/lang/Object;[Ljava/lang/Object;)Ljava/lang/Object;+56
j  org.springframework.boot.devtools.restart.RestartLauncher.run()V+41
v  ~StubRoutines::call_stub

---------------  P R O C E S S  ---------------

Java Threads: ( => current thread )
  0x00000000169f2800 JavaThread "HikariPool-1 housekeeper" daemon [_thread_blocked, id=8636, stack(0x000000001ac20000,0x000000001ad20000)]
  0x00000000169f2000 JavaThread "Abandoned connection cleanup thread" daemon [_thread_blocked, id=12500, stack(0x000000001aa20000,0x000000001ab20000)]
  0x00000000169f1000 JavaThread "container-0" [_thread_blocked, id=5624, stack(0x000000001a920000,0x000000001aa20000)]
  0x00000000169f3800 JavaThread "ContainerBackgroundProcessor[StandardEngine[Tomcat]]" daemon [_thread_blocked, id=13272, stack(0x000000001a820000,0x000000001a920000)]
  0x00000000169f0800 JavaThread "localhost-startStop-1" daemon [_thread_blocked, id=3920, stack(0x000000001a520000,0x000000001a620000)]
  0x00000000169f7000 JavaThread "Tomcat-startStop-1" daemon [_thread_blocked, id=10908, stack(0x000000001a420000,0x000000001a520000)]
=>0x00000000151b5000 JavaThread "restartedMain" [_thread_in_vm, id=4020, stack(0x0000000018050000,0x0000000018150000)]
  0x00000000161e8800 JavaThread "Thread-1" [_thread_blocked, id=13304, stack(0x0000000017f50000,0x0000000018050000)]
  0x0000000016c3d800 JavaThread "RMI Scheduler(0)" daemon [_thread_blocked, id=6224, stack(0x0000000017b10000,0x0000000017c10000)]
  0x0000000016c3e800 JavaThread "RMI TCP Connection(2)-127.0.0.1" daemon [_thread_in_native, id=6384, stack(0x0000000017a10000,0x0000000017b10000)]
  0x0000000016c2c800 JavaThread "RMI TCP Connection(1)-127.0.0.1" daemon [_thread_in_native, id=11320, stack(0x0000000017910000,0x0000000017a10000)]
  0x0000000016bc8000 JavaThread "RMI TCP Accept-0" daemon [_thread_in_native, id=9540, stack(0x0000000017710000,0x0000000017810000)]
  0x0000000016b9a800 JavaThread "RMI TCP Accept-51271" daemon [_thread_in_native, id=8000, stack(0x0000000017610000,0x0000000017710000)]
  0x0000000016b93800 JavaThread "RMI TCP Accept-0" daemon [_thread_in_native, id=12680, stack(0x0000000017510000,0x0000000017610000)]
  0x0000000016536800 JavaThread "Service Thread" daemon [_thread_blocked, id=11728, stack(0x00000000168d0000,0x00000000169d0000)]
  0x0000000016425800 JavaThread "C1 CompilerThread1" daemon [_thread_blocked, id=12508, stack(0x00000000167d0000,0x00000000168d0000)]
  0x000000001644b000 JavaThread "C2 CompilerThread0" daemon [_thread_blocked, id=11564, stack(0x00000000166d0000,0x00000000167d0000)]
  0x0000000016448800 JavaThread "Monitor Ctrl-Break" daemon [_thread_in_native, id=12012, stack(0x00000000165d0000,0x00000000166d0000)]
  0x000000001519b800 JavaThread "Attach Listener" daemon [_thread_blocked, id=9392, stack(0x00000000160d0000,0x00000000161d0000)]
  0x0000000015195800 JavaThread "Signal Dispatcher" daemon [_thread_blocked, id=9756, stack(0x0000000015fd0000,0x00000000160d0000)]
  0x0000000002c77000 JavaThread "Finalizer" daemon [_thread_blocked, id=7436, stack(0x0000000015dd0000,0x0000000015ed0000)]
  0x0000000015178000 JavaThread "Reference Handler" daemon [_thread_blocked, id=11604, stack(0x0000000015cd0000,0x0000000015dd0000)]
  0x0000000002b87000 JavaThread "main" [_thread_blocked, id=11224, stack(0x0000000002a80000,0x0000000002b80000)]

Other Threads:
  0x0000000015157800 VMThread [stack: 0x0000000015bd0000,0x0000000015cd0000] [id=11696]
  0x0000000016baa000 WatcherThread [stack: 0x0000000017810000,0x0000000017910000] [id=6836]

VM state:not at safepoint (normal execution)

VM Mutex/Monitor currently owned by a thread: None

Heap:
 PSYoungGen      total 170496K, used 108930K [0x00000000eb780000, 0x00000000f6d80000, 0x0000000100000000)
  eden space 158720K, 68% used [0x00000000eb780000,0x00000000f21e0940,0x00000000f5280000)
  from space 11776K, 0% used [0x00000000f5280000,0x00000000f5280000,0x00000000f5e00000)
  to   space 11264K, 0% used [0x00000000f6280000,0x00000000f6280000,0x00000000f6d80000)
 ParOldGen       total 32768K, used 19249K [0x00000000c2600000, 0x00000000c4600000, 0x00000000eb780000)
  object space 32768K, 58% used [0x00000000c2600000,0x00000000c38cc5a0,0x00000000c4600000)
 Metaspace       used 44071K, capacity 45730K, committed 45824K, reserved 1101824K
  class space    used 6014K, capacity 6367K, committed 6400K, reserved 1048576K

Card table byte_map: [0x0000000012230000,0x0000000012420000] byte_map_base: 0x0000000011c1d000

Marking Bits: (ParMarkBitMap*) 0x000000005c653e30
 Begin Bits: [0x0000000012770000, 0x00000000136d8000)
 End Bits:   [0x00000000136d8000, 0x0000000014640000)

Polling page: 0x0000000000f90000

CodeCache: size=245760Kb used=8330Kb max_used=8330Kb free=237429Kb
 bounds [0x0000000002e70000, 0x00000000036a0000, 0x0000000011e70000]
 total_blobs=4613 nmethods=4080 adapters=446
 compilation: enabled

Compilation events (10 events):
Event: 32.012 Thread 0x0000000016425800 4128       1       sun.reflect.generics.parser.SignatureParser::parseZeroOrMoreTypeSignatures (174 bytes)
Event: 32.014 Thread 0x0000000016425800 nmethod 4128 0x0000000003691810 code [0x00000000036919c0, 0x0000000003691e98]
Event: 32.014 Thread 0x0000000016425800 4129       1       sun.reflect.generics.parser.SignatureParser::parseZeroOrMoreThrowsSignatures (51 bytes)
Event: 32.015 Thread 0x0000000016425800 nmethod 4129 0x0000000003692190 code [0x0000000003692340, 0x0000000003692768]
Event: 32.019 Thread 0x0000000016425800 4130       1       java.lang.reflect.Proxy$1::run (5 bytes)
Event: 32.020 Thread 0x0000000016425800 nmethod 4130 0x0000000003692a50 code [0x0000000003692bc0, 0x0000000003692d58]
Event: 32.020 Thread 0x0000000016425800 4131       1       java.lang.reflect.Proxy$1::run (10 bytes)
Event: 32.020 Thread 0x0000000016425800 nmethod 4131 0x0000000003692e50 code [0x0000000003692fc0, 0x0000000003693158]
Event: 32.024 Thread 0x0000000016425800 4132   !   1       org.springframework.core.BridgeMethodResolver::searchForMatch (16 bytes)
Event: 32.025 Thread 0x0000000016425800 nmethod 4132 0x0000000003693250 code [0x00000000036933c0, 0x0000000003693578]

GC Heap History (10 events):
Event: 26.742 GC heap before
{Heap before GC invocations=17 (full 4):
 PSYoungGen      total 170496K, used 1180K [0x00000000eb780000, 0x00000000f7800000, 0x0000000100000000)
  eden space 158720K, 0% used [0x00000000eb780000,0x00000000eb780000,0x00000000f5280000)
  from space 11776K, 10% used [0x00000000f5280000,0x00000000f53a70c8,0x00000000f5e00000)
  to   space 10752K, 0% used [0x00000000f5e00000,0x00000000f5e00000,0x00000000f6880000)
 ParOldGen       total 32768K, used 23553K [0x00000000c2600000, 0x00000000c4600000, 0x00000000eb780000)
  object space 32768K, 71% used [0x00000000c2600000,0x00000000c3d00548,0x00000000c4600000)
 Metaspace       used 38191K, capacity 39648K, committed 39808K, reserved 1095680K
  class space    used 5172K, capacity 5492K, committed 5504K, reserved 1048576K
Event: 26.885 GC heap after
Heap after GC invocations=17 (full 4):
 PSYoungGen      total 170496K, used 0K [0x00000000eb780000, 0x00000000f7800000, 0x0000000100000000)
  eden space 158720K, 0% used [0x00000000eb780000,0x00000000eb780000,0x00000000f5280000)
  from space 11776K, 0% used [0x00000000f5280000,0x00000000f5280000,0x00000000f5e00000)
  to   space 10752K, 0% used [0x00000000f5e00000,0x00000000f5e00000,0x00000000f6880000)
 ParOldGen       total 32768K, used 22087K [0x00000000c2600000, 0x00000000c4600000, 0x00000000eb780000)
  object space 32768K, 67% used [0x00000000c2600000,0x00000000c3b91e50,0x00000000c4600000)
 Metaspace       used 38191K, capacity 39648K, committed 39808K, reserved 1093632K
  class space    used 5172K, capacity 5492K, committed 5504K, reserved 1048576K
}
Event: 26.886 GC heap before
{Heap before GC invocations=18 (full 4):
 PSYoungGen      total 170496K, used 0K [0x00000000eb780000, 0x00000000f7800000, 0x0000000100000000)
  eden space 158720K, 0% used [0x00000000eb780000,0x00000000eb780000,0x00000000f5280000)
  from space 11776K, 0% used [0x00000000f5280000,0x00000000f5280000,0x00000000f5e00000)
  to   space 10752K, 0% used [0x00000000f5e00000,0x00000000f5e00000,0x00000000f6880000)
 ParOldGen       total 32768K, used 22087K [0x00000000c2600000, 0x00000000c4600000, 0x00000000eb780000)
  object space 32768K, 67% used [0x00000000c2600000,0x00000000c3b91e50,0x00000000c4600000)
 Metaspace       used 38191K, capacity 39648K, committed 39808K, reserved 1097728K
  class space    used 5172K, capacity 5492K, committed 5504K, reserved 1048576K
Event: 26.890 GC heap after
Heap after GC invocations=18 (full 4):
 PSYoungGen      total 169472K, used 0K [0x00000000eb780000, 0x00000000f7700000, 0x0000000100000000)
  eden space 158720K, 0% used [0x00000000eb780000,0x00000000eb780000,0x00000000f5280000)
  from space 10752K, 0% used [0x00000000f5e00000,0x00000000f5e00000,0x00000000f6880000)
  to   space 11776K, 0% used [0x00000000f5280000,0x00000000f5280000,0x00000000f5e00000)
 ParOldGen       total 32768K, used 22087K [0x00000000c2600000, 0x00000000c4600000, 0x00000000eb780000)
  object space 32768K, 67% used [0x00000000c2600000,0x00000000c3b91e50,0x00000000c4600000)
 Metaspace       used 38191K, capacity 39648K, committed 39808K, reserved 1097728K
  class space    used 5172K, capacity 5492K, committed 5504K, reserved 1048576K
}
Event: 26.890 GC heap before
{Heap before GC invocations=19 (full 5):
 PSYoungGen      total 169472K, used 0K [0x00000000eb780000, 0x00000000f7700000, 0x0000000100000000)
  eden space 158720K, 0% used [0x00000000eb780000,0x00000000eb780000,0x00000000f5280000)
  from space 10752K, 0% used [0x00000000f5e00000,0x00000000f5e00000,0x00000000f6880000)
  to   space 11776K, 0% used [0x00000000f5280000,0x00000000f5280000,0x00000000f5e00000)
 ParOldGen       total 32768K, used 22087K [0x00000000c2600000, 0x00000000c4600000, 0x00000000eb780000)
  object space 32768K, 67% used [0x00000000c2600000,0x00000000c3b91e50,0x00000000c4600000)
 Metaspace       used 38191K, capacity 39648K, committed 39808K, reserved 1097728K
  class space    used 5172K, capacity 5492K, committed 5504K, reserved 1048576K
Event: 27.278 GC heap after
Heap after GC invocations=19 (full 5):
 PSYoungGen      total 169472K, used 0K [0x00000000eb780000, 0x00000000f7700000, 0x0000000100000000)
  eden space 158720K, 0% used [0x00000000eb780000,0x00000000eb780000,0x00000000f5280000)
  from space 10752K, 0% used [0x00000000f5e00000,0x00000000f5e00000,0x00000000f6880000)
  to   space 11776K, 0% used [0x00000000f5280000,0x00000000f5280000,0x00000000f5e00000)
 ParOldGen       total 32768K, used 18935K [0x00000000c2600000, 0x00000000c4600000, 0x00000000eb780000)
  object space 32768K, 57% used [0x00000000c2600000,0x00000000c387dd38,0x00000000c4600000)
 Metaspace       used 37954K, capacity 39268K, committed 39808K, reserved 1093632K
  class space    used 5134K, capacity 5424K, committed 5504K, reserved 1048576K
}
Event: 27.728 GC heap before
{Heap before GC invocations=20 (full 5):
 PSYoungGen      total 169472K, used 39740K [0x00000000eb780000, 0x00000000f7700000, 0x0000000100000000)
  eden space 158720K, 25% used [0x00000000eb780000,0x00000000ede4f1c0,0x00000000f5280000)
  from space 10752K, 0% used [0x00000000f5e00000,0x00000000f5e00000,0x00000000f6880000)
  to   space 11776K, 0% used [0x00000000f5280000,0x00000000f5280000,0x00000000f5e00000)
 ParOldGen       total 32768K, used 18935K [0x00000000c2600000, 0x00000000c4600000, 0x00000000eb780000)
  object space 32768K, 57% used [0x00000000c2600000,0x00000000c387dd38,0x00000000c4600000)
 Metaspace       used 38883K, capacity 40204K, committed 40832K, reserved 1099776K
  class space    used 5284K, capacity 5586K, committed 5760K, reserved 1048576K
Event: 27.735 GC heap after
Heap after GC invocations=20 (full 5):
 PSYoungGen      total 170496K, used 1230K [0x00000000eb780000, 0x00000000f6d80000, 0x0000000100000000)
  eden space 158720K, 0% used [0x00000000eb780000,0x00000000eb780000,0x00000000f5280000)
  from space 11776K, 10% used [0x00000000f5280000,0x00000000f53b38d0,0x00000000f5e00000)
  to   space 11264K, 0% used [0x00000000f6280000,0x00000000f6280000,0x00000000f6d80000)
 ParOldGen       total 32768K, used 18943K [0x00000000c2600000, 0x00000000c4600000, 0x00000000eb780000)
  object space 32768K, 57% used [0x00000000c2600000,0x00000000c387fd38,0x00000000c4600000)
 Metaspace       used 38883K, capacity 40204K, committed 40832K, reserved 1099776K
  class space    used 5284K, capacity 5586K, committed 5760K, reserved 1048576K
}
Event: 27.736 GC heap before
{Heap before GC invocations=21 (full 6):
 PSYoungGen      total 170496K, used 1230K [0x00000000eb780000, 0x00000000f6d80000, 0x0000000100000000)
  eden space 158720K, 0% used [0x00000000eb780000,0x00000000eb780000,0x00000000f5280000)
  from space 11776K, 10% used [0x00000000f5280000,0x00000000f53b38d0,0x00000000f5e00000)
  to   space 11264K, 0% used [0x00000000f6280000,0x00000000f6280000,0x00000000f6d80000)
 ParOldGen       total 32768K, used 18943K [0x00000000c2600000, 0x00000000c4600000, 0x00000000eb780000)
  object space 32768K, 57% used [0x00000000c2600000,0x00000000c387fd38,0x00000000c4600000)
 Metaspace       used 38883K, capacity 40204K, committed 40832K, reserved 1099776K
  class space    used 5284K, capacity 5586K, committed 5760K, reserved 1048576K
Event: 27.868 GC heap after
Heap after GC invocations=21 (full 6):
 PSYoungGen      total 170496K, used 0K [0x00000000eb780000, 0x00000000f6d80000, 0x0000000100000000)
  eden space 158720K, 0% used [0x00000000eb780000,0x00000000eb780000,0x00000000f5280000)
  from space 11776K, 0% used [0x00000000f5280000,0x00000000f5280000,0x00000000f5e00000)
  to   space 11264K, 0% used [0x00000000f6280000,0x00000000f6280000,0x00000000f6d80000)
 ParOldGen       total 32768K, used 19249K [0x00000000c2600000, 0x00000000c4600000, 0x00000000eb780000)
  object space 32768K, 58% used [0x00000000c2600000,0x00000000c38cc5a0,0x00000000c4600000)
 Metaspace       used 38883K, capacity 40204K, committed 40832K, reserved 1097728K
  class space    used 5284K, capacity 5586K, committed 5760K, reserved 1048576K
}

Deoptimization events (0 events):
No events

Classes redefined (0 events):
No events

Internal exceptions (10 events):
Event: 32.024 Thread 0x00000000151b5000 Exception <a 'java/lang/ArrayIndexOutOfBoundsException'> (0x00000000f1eb74a8) thrown at [C:\re\workspace\8-2-build-windows-amd64-cygwin\jdk8u191\11896\hotspot\src\share\vm\runtime\sharedRuntime.cpp, line 605]
Event: 32.024 Thread 0x00000000151b5000 Exception <a 'java/lang/ArrayIndexOutOfBoundsException'> (0x00000000f1eb8e80) thrown at [C:\re\workspace\8-2-build-windows-amd64-cygwin\jdk8u191\11896\hotspot\src\share\vm\runtime\sharedRuntime.cpp, line 605]
Event: 32.026 Thread 0x00000000151b5000 Exception <a 'java/lang/ArrayIndexOutOfBoundsException'> (0x00000000f1edcdb0) thrown at [C:\re\workspace\8-2-build-windows-amd64-cygwin\jdk8u191\11896\hotspot\src\share\vm\runtime\sharedRuntime.cpp, line 605]
Event: 32.026 Thread 0x00000000151b5000 Exception <a 'java/lang/ArrayIndexOutOfBoundsException'> (0x00000000f1ee17d8) thrown at [C:\re\workspace\8-2-build-windows-amd64-cygwin\jdk8u191\11896\hotspot\src\share\vm\runtime\sharedRuntime.cpp, line 605]
Event: 32.026 Thread 0x00000000151b5000 Exception <a 'java/lang/ArrayIndexOutOfBoundsException'> (0x00000000f1ee6200) thrown at [C:\re\workspace\8-2-build-windows-amd64-cygwin\jdk8u191\11896\hotspot\src\share\vm\runtime\sharedRuntime.cpp, line 605]
Event: 32.026 Thread 0x00000000151b5000 Exception <a 'java/lang/ArrayIndexOutOfBoundsException'> (0x00000000f1eeac28) thrown at [C:\re\workspace\8-2-build-windows-amd64-cygwin\jdk8u191\11896\hotspot\src\share\vm\runtime\sharedRuntime.cpp, line 605]
Event: 32.030 Thread 0x00000000151b5000 Exception <a 'java/lang/ArrayIndexOutOfBoundsException'> (0x00000000f1f28ad8) thrown at [C:\re\workspace\8-2-build-windows-amd64-cygwin\jdk8u191\11896\hotspot\src\share\vm\runtime\sharedRuntime.cpp, line 605]
Event: 32.031 Thread 0x00000000151b5000 Exception <a 'java/lang/ArrayIndexOutOfBoundsException'> (0x00000000f1f2fcf0) thrown at [C:\re\workspace\8-2-build-windows-amd64-cygwin\jdk8u191\11896\hotspot\src\share\vm\runtime\sharedRuntime.cpp, line 605]
Event: 32.032 Thread 0x00000000151b5000 Exception <a 'java/lang/ArrayIndexOutOfBoundsException'> (0x00000000f1f316c8) thrown at [C:\re\workspace\8-2-build-windows-amd64-cygwin\jdk8u191\11896\hotspot\src\share\vm\runtime\sharedRuntime.cpp, line 605]
Event: 32.040 Thread 0x00000000151b5000 Exception <a 'java/lang/ArrayIndexOutOfBoundsException'> (0x00000000f1f39ec0) thrown at [C:\re\workspace\8-2-build-windows-amd64-cygwin\jdk8u191\11896\hotspot\src\share\vm\runtime\sharedRuntime.cpp, line 605]

Events (10 events):
Event: 32.102 loading class org/hibernate/query/spi/QueryProducerImplementor
Event: 32.102 loading class org/hibernate/query/spi/QueryProducerImplementor done
Event: 32.104 loading class org/hibernate/jpa/spi/HibernateEntityManagerImplementor
Event: 32.104 loading class org/hibernate/jpa/spi/HibernateEntityManagerImplementor done
Event: 32.106 loading class org/hibernate/jpa/spi/HibernateEntityManagerFactoryAware
Event: 32.106 loading class org/hibernate/jpa/spi/HibernateEntityManagerFactoryAware done
Event: 32.156 loading class org/hibernate/internal/AbstractSessionImpl
Event: 32.156 loading class org/hibernate/internal/AbstractSessionImpl done
Event: 32.157 loading class org/hibernate/internal/AbstractSharedSessionContract
Event: 32.157 loading class org/hibernate/internal/AbstractSharedSessionContract done


Dynamic libraries:
0x00007ff7859f0000 - 0x00007ff785a27000 	C:\Program Files\Java\jdk1.8.0_191\bin\java.exe
0x00007ffa89190000 - 0x00007ffa89371000 	C:\WINDOWS\SYSTEM32\ntdll.dll
0x00007ffa7c510000 - 0x00007ffa7c524000 	C:\Program Files\AVAST Software\Avast\x64\aswhooka.dll
0x00007ffa86cc0000 - 0x00007ffa86d72000 	C:\WINDOWS\System32\KERNEL32.DLL
0x00007ffa85680000 - 0x00007ffa858f3000 	C:\WINDOWS\System32\KERNELBASE.dll
0x00007ffa88b20000 - 0x00007ffa88bc1000 	C:\WINDOWS\System32\ADVAPI32.dll
0x00007ffa88f60000 - 0x00007ffa88ffe000 	C:\WINDOWS\System32\msvcrt.dll
0x00007ffa86df0000 - 0x00007ffa86e4b000 	C:\WINDOWS\System32\sechost.dll
0x00007ffa86760000 - 0x00007ffa86884000 	C:\WINDOWS\System32\RPCRT4.dll
0x00007ffa86910000 - 0x00007ffa86aa0000 	C:\WINDOWS\System32\USER32.dll
0x00007ffa855b0000 - 0x00007ffa855d0000 	C:\WINDOWS\System32\win32u.dll
0x00007ffa88f00000 - 0x00007ffa88f28000 	C:\WINDOWS\System32\GDI32.dll
0x00007ffa85cd0000 - 0x00007ffa85e62000 	C:\WINDOWS\System32\gdi32full.dll
0x00007ffa86580000 - 0x00007ffa8661f000 	C:\WINDOWS\System32\msvcp_win.dll
0x00007ffa85960000 - 0x00007ffa85a5a000 	C:\WINDOWS\System32\ucrtbase.dll
0x00007ffa77700000 - 0x00007ffa77969000 	C:\WINDOWS\WinSxS\amd64_microsoft.windows.common-controls_6595b64144ccf1df_6.0.17134.1_none_e4da93291059d8fb\COMCTL32.dll
0x00007ffa88bd0000 - 0x00007ffa88ef3000 	C:\WINDOWS\System32\combase.dll
0x00007ffa85a60000 - 0x00007ffa85ada000 	C:\WINDOWS\System32\bcryptPrimitives.dll
0x00007ffa88f30000 - 0x00007ffa88f5d000 	C:\WINDOWS\System32\IMM32.DLL
0x000000005d0e0000 - 0x000000005d1b2000 	C:\Program Files\Java\jdk1.8.0_191\jre\bin\msvcr100.dll
0x000000005be30000 - 0x000000005c6d4000 	C:\Program Files\Java\jdk1.8.0_191\jre\bin\server\jvm.dll
0x00007ffa86d80000 - 0x00007ffa86d88000 	C:\WINDOWS\System32\PSAPI.DLL
0x00007ffa842e0000 - 0x00007ffa842e9000 	C:\WINDOWS\SYSTEM32\WSOCK32.dll
0x00007ffa86640000 - 0x00007ffa866ac000 	C:\WINDOWS\System32\WS2_32.dll
0x00007ffa76260000 - 0x00007ffa76283000 	C:\WINDOWS\SYSTEM32\WINMM.dll
0x00007ffa7e2e0000 - 0x00007ffa7e2ea000 	C:\WINDOWS\SYSTEM32\VERSION.dll
0x00007ffa76230000 - 0x00007ffa7625a000 	C:\WINDOWS\SYSTEM32\WINMMBASE.dll
0x00007ffa85560000 - 0x00007ffa855a9000 	C:\WINDOWS\System32\cfgmgr32.dll
0x000000005d0d0000 - 0x000000005d0df000 	C:\Program Files\Java\jdk1.8.0_191\jre\bin\verify.dll
0x000000005d0a0000 - 0x000000005d0c9000 	C:\Program Files\Java\jdk1.8.0_191\jre\bin\java.dll
0x000000005d070000 - 0x000000005d093000 	C:\Program Files\Java\jdk1.8.0_191\jre\bin\instrument.dll
0x000000005d050000 - 0x000000005d066000 	C:\Program Files\Java\jdk1.8.0_191\jre\bin\zip.dll
0x00007ffa86e50000 - 0x00007ffa88290000 	C:\WINDOWS\System32\SHELL32.dll
0x00007ffa866b0000 - 0x00007ffa86759000 	C:\WINDOWS\System32\shcore.dll
0x00007ffa85e70000 - 0x00007ffa8657d000 	C:\WINDOWS\System32\windows.storage.dll
0x00007ffa86d90000 - 0x00007ffa86de1000 	C:\WINDOWS\System32\shlwapi.dll
0x00007ffa85540000 - 0x00007ffa85551000 	C:\WINDOWS\System32\kernel.appcore.dll
0x00007ffa85520000 - 0x00007ffa8553f000 	C:\WINDOWS\System32\profapi.dll
0x00007ffa854d0000 - 0x00007ffa8551c000 	C:\WINDOWS\System32\powrprof.dll
0x00007ffa854c0000 - 0x00007ffa854ca000 	C:\WINDOWS\System32\FLTLIB.DLL
0x00007ffa7edd0000 - 0x00007ffa7edea000 	C:\Program Files\JetBrains\IntelliJ IDEA 2018.2.5\bin\breakgen64.dll
0x000000005d030000 - 0x000000005d04a000 	C:\Program Files\Java\jdk1.8.0_191\jre\bin\net.dll
0x00007ffa84d20000 - 0x00007ffa84d86000 	C:\WINDOWS\system32\mswsock.dll
0x000000005d020000 - 0x000000005d02d000 	C:\Program Files\Java\jdk1.8.0_191\jre\bin\management.dll
0x000000005be10000 - 0x000000005be21000 	C:\Program Files\Java\jdk1.8.0_191\jre\bin\nio.dll
0x00007ffa62c20000 - 0x00007ffa62c36000 	C:\WINDOWS\system32\napinsp.dll
0x00007ffa5e210000 - 0x00007ffa5e22a000 	C:\WINDOWS\system32\pnrpnsp.dll
0x00007ffa7adc0000 - 0x00007ffa7add9000 	C:\WINDOWS\system32\NLAapi.dll
0x00007ffa84af0000 - 0x00007ffa84bae000 	C:\WINDOWS\SYSTEM32\DNSAPI.dll
0x00007ffa86aa0000 - 0x00007ffa86aa8000 	C:\WINDOWS\System32\NSI.dll
0x00007ffa84aa0000 - 0x00007ffa84ad8000 	C:\WINDOWS\SYSTEM32\IPHLPAPI.DLL
0x00007ffa7eac0000 - 0x00007ffa7eace000 	C:\WINDOWS\System32\winrnr.dll
0x00007ffa7a400000 - 0x00007ffa7a415000 	C:\WINDOWS\System32\wshbth.dll
0x00007ffa794a0000 - 0x00007ffa794aa000 	C:\Windows\System32\rasadhlp.dll
0x00007ffa77b70000 - 0x00007ffa77be2000 	C:\WINDOWS\System32\fwpuclnt.dll
0x00007ffa85000000 - 0x00007ffa85025000 	C:\WINDOWS\SYSTEM32\bcrypt.dll
0x00007ffa84ed0000 - 0x00007ffa84ee7000 	C:\WINDOWS\SYSTEM32\CRYPTSP.dll
0x00007ffa84900000 - 0x00007ffa84933000 	C:\WINDOWS\system32\rsaenh.dll
0x00007ffa853d0000 - 0x00007ffa853f8000 	C:\WINDOWS\SYSTEM32\USERENV.dll
0x00007ffa84ef0000 - 0x00007ffa84efb000 	C:\WINDOWS\SYSTEM32\CRYPTBASE.dll
0x00007ffa789d0000 - 0x00007ffa789e6000 	C:\WINDOWS\SYSTEM32\dhcpcsvc6.DLL
0x00007ffa78ca0000 - 0x00007ffa78cba000 	C:\WINDOWS\SYSTEM32\dhcpcsvc.DLL

VM Arguments:
jvm_args: -XX:TieredStopAtLevel=1 -Xverify:none -Dspring.output.ansi.enabled=always -Dcom.sun.management.jmxremote -Dcom.sun.management.jmxremote.port=51271 -Dcom.sun.management.jmxremote.authenticate=false -Dcom.sun.management.jmxremote.ssl=false -Djava.rmi.server.hostname=localhost -Dspring.liveBeansView.mbeanDomain -Dspring.application.admin.enabled=true -javaagent:C:\Program Files\JetBrains\IntelliJ IDEA 2018.2.5\lib\idea_rt.jar=51272:C:\Program Files\JetBrains\IntelliJ IDEA 2018.2.5\bin -Dfile.encoding=UTF-8 
java_command: com.novik.workbooks.Application
java_class_path (initial): C:\Program Files\Java\jdk1.8.0_191\jre\lib\charsets.jar;C:\Program Files\Java\jdk1.8.0_191\jre\lib\deploy.jar;C:\Program Files\Java\jdk1.8.0_191\jre\lib\ext\access-bridge-64.jar;C:\Program Files\Java\jdk1.8.0_191\jre\lib\ext\cldrdata.jar;C:\Program Files\Java\jdk1.8.0_191\jre\lib\ext\dnsns.jar;C:\Program Files\Java\jdk1.8.0_191\jre\lib\ext\jaccess.jar;C:\Program Files\Java\jdk1.8.0_191\jre\lib\ext\jfxrt.jar;C:\Program Files\Java\jdk1.8.0_191\jre\lib\ext\localedata.jar;C:\Program Files\Java\jdk1.8.0_191\jre\lib\ext\nashorn.jar;C:\Program Files\Java\jdk1.8.0_191\jre\lib\ext\sunec.jar;C:\Program Files\Java\jdk1.8.0_191\jre\lib\ext\sunjce_provider.jar;C:\Program Files\Java\jdk1.8.0_191\jre\lib\ext\sunmscapi.jar;C:\Program Files\Java\jdk1.8.0_191\jre\lib\ext\sunpkcs11.jar;C:\Program Files\Java\jdk1.8.0_191\jre\lib\ext\zipfs.jar;C:\Program Files\Java\jdk1.8.0_191\jre\lib\javaws.jar;C:\Program Files\Java\jdk1.8.0_191\jre\lib\jce.jar;C:\Program Files\Java\jdk1.8.0_191\jre\lib\jfr.jar;C:\Program Files\Java\jdk1.8.0_191\jre\lib\jfxswt.jar;C:\Program Files\Java\jdk1.8.0_191\jre\lib\jsse.jar;C:\Program Files\Java\jdk1.8.0_191\jre\lib\management-agent.jar;C:\Program Files\Java\jdk1.8.0_191\jre\lib\plugin.jar;C:\Program Files\Java\jdk1.8.0_191\jre\lib\resources.jar;C:\Program Files\Java\jdk1.8.0_191\jre\lib\rt.jar;C:\Users\hp\IdeaProjects\workbooks\target\classes;C:\Users\hp\.m2\repository\org\springframework\boot\spring-boot-starter-web\2.0.0.RELEASE\spring-boot-starter-web-2.0.0.RELEASE.jar;C:\Users\hp\.m2\repository\org\springframework\boot\spring-boot-starter\2.0.0.RELEASE\spring-boot-starter-2.0.0.RELEASE.jar;C:\Users\hp\.m2\repository\org\springframework\boot\spring-boot-starter-logging\2.0.0.RELEASE\spring-boot-starter-logging-2.0.0.RELEASE.jar;C:\Users\hp\.m2\repository\ch\qos\logback\logback-classic\1.2.3\logback-classic-1.2.3.jar;C:\Users\hp\.m2\repository\ch\qos\logback\logback-core\1.2.3\logback-core-1.2.3.jar;C:\Users\hp\.m2\repository\or
Launcher Type: SUN_STANDARD

Environment Variables:
PATH=C:\Program Files (x86)\Common Files\Oracle\Java\javapath;C:\Program Files (x86)\Intel\TXE Components\TCS\;C:\Program Files\Intel\TXE Components\TCS\;C:\WINDOWS\system32;C:\WINDOWS;C:\WINDOWS\System32\Wbem;C:\WINDOWS\System32\WindowsPowerShell\v1.0\;C:\Program Files\Intel\TXE Components\DAL\;C:\Program Files (x86)\Intel\TXE Components\DAL\;C:\Program Files\Intel\TXE Components\IPT\;C:\Program Files (x86)\Intel\TXE Components\IPT\;C:\Program Files (x86)\Skype\Phone\;C:\Program Files\Intel\WiFi\bin\;C:\Program Files\Common Files\Intel\WirelessCommon\;C:\Program Files\PostgreSQL\9.6\bin;C:\WINDOWS\System32\OpenSSH\;C:\Users\hp\AppData\Local\Microsoft\WindowsApps;
USERNAME=hp
OS=Windows_NT
PROCESSOR_IDENTIFIER=Intel64 Family 6 Model 76 Stepping 4, GenuineIntel



---------------  S Y S T E M  ---------------

OS: Windows 10.0 , 64 bit Build 17134 (10.0.17134.1)

CPU:total 2 (initial active 2) (2 cores per cpu, 1 threads per core) family 6 model 76 stepping 4, cmov, cx8, fxsr, mmx, sse, sse2, sse3, ssse3, sse4.1, sse4.2, popcnt, aes, clmul, erms, 3dnowpref, tsc, tscinvbit

Memory: 4k page, physical 4032784k(422588k free), swap 6966728k(12844k free)

vm_info: Java HotSpot(TM) 64-Bit Server VM (25.191-b12) for windows-amd64 JRE (1.8.0_191-b12), built on Oct  6 2018 09:29:03 by "java_re" with MS VC++ 10.0 (VS2010)

time: Wed Nov 21 17:18:44 2018
elapsed time: 32 seconds (0d 0h 0m 32s)

